-----------myBoard---------
8 | 0  B  0  0  0  0  0  0  
 7 | 0  0  0  0  0  0  0  0  
 6 | 0  B  0  0  B  B  B  0  
 5 | 0  0  0  0  0  0  0  0  
 4 | 0  0  0  0  0  0  B  B  
 3 | 0  0  0  0  0  0  0  0  
 2 | 0  0  B  0  0  0  0  0  
 1 | 0  0  B  0  0  B  0  0  
   ------------------------
     1  2  3  4  5  6  7  8  
Error: Invalid action!
-----------myBoard---------
8 | 0  B  0  0  0  0  0  0  
 7 | 0  0  0  0  0  0  0  0  
 6 | 0  B  0  0  B  B  B  0  
 5 | 0  0  0  0  0  0  0  0  
 4 | 0  0  0  0  0  0  B  B  
 3 | 0  0  0  0  0  0  0  0  
 2 | 0  0  B  0  0  0  0  0  
 1 | 0  0  B  0  0  B  0  0  
   ------------------------
     1  2  3  4  5  6  7  8  
Error: Invalid action!
-----------myBoard---------
8 | 0  B  0  0  0  0  0  0  
 7 | 0  0  0  0  0  0  0  0  
 6 | 0  B  0  0  B  B  B  0  
 5 | 0  0  0  0  0  0  0  0  
 4 | 0  0  0  0  0  0  B  B  
 3 | 0  0  0  0  0  0  0  0  
 2 | 0  0  B  0  0  0  0  0  
 1 | 0  0  B  0  0  B  0  0  
   ------------------------
     1  2  3  4  5  6  7  8  
Error: Invalid action!
-----------myBoard---------
8 | 0  B  0  0  0  0  0  0  
 7 | 0  0  0  0  0  0  0  0  
 6 | 0  B  0  0  B  B  B  0  
 5 | 0  0  0  0  0  0  0  0  
 4 | 0  0  0  0  0  0  B  B  
 3 | 0  0  0  0  0  0  0  0  
 2 | 0  0  B  0  0  0  0  0  
 1 | 0  0  B  0  0  B  0  0  
   ------------------------
     1  2  3  4  5  6  7  8  
Error: Invalid action!
-----------myBoard---------
8 | 0  B  0  0  0  0  0  0  
 7 | 0  0  0  0  0  0  0  0  
 6 | 0  B  0  0  B  B  B  0  
 5 | 0  0  0  0  0  0  0  0  
 4 | 0  0  0  0  0  0  B  B  
 3 | 0  0  0  0  0  0  0  0  
 2 | 0  0  B  0  0  0  0  0  
 1 | 0  0  B  0  0  B  0  0  
   ------------------------
     1  2  3  4  5  6  7  8  
Error: Invalid action!
-----------myBoard---------
8 | 0  B  0  0  0  0  0  0  
 7 | 0  0  0  0  0  0  0  0  
 6 | 0  B  0  0  B  B  B  0  
 5 | 0  0  0  0  0  0  0  0  
 4 | 0  0  0  0  0  0  B  B  
 3 | 0  0  0  0  0  0  0  0  
 2 | 0  0  B  0  0  0  0  0  
 1 | 0  0  B  0  0  B  0  0  
   ------------------------
     1  2  3  4  5  6  7  8  
Error: Invalid action!
-----------myBoard---------
8 | 0  B  0  0  0  0  0  0  
 7 | 0  0  0  0  0  0  0  0  
 6 | 0  B  0  0  B  B  B  0  
 5 | 0  0  0  0  0  0  0  0  
 4 | 0  0  0  0  0  0  B  B  
 3 | 0  0  0  0  0  0  0  0  
 2 | 0  0  B  0  0  0  0  0  
 1 | 0  0  B  0  0  B  0  0  
   ------------------------
     1  2  3  4  5  6  7  8  
Error: Invalid action!
-----------myBoard---------
8 | 0  B  0  0  0  0  0  0  
 7 | 0  0  0  0  0  0  0  0  
 6 | 0  B  0  0  B  B  B  0  
 5 | 0  0  0  0  0  0  0  0  
 4 | 0  0  0  0  0  0  B  B  
 3 | 0  0  0  0  0  0  0  0  
 2 | 0  0  B  0  0  0  0  0  
 1 | 0  0  B  0  0  B  0  0  
   ------------------------
     1  2  3  4  5  6  7  8  
Error: Invalid action!
-----------myBoard---------
8 | 0  B  0  0  0  0  0  0  
 7 | 0  0  0  0  0  0  0  0  
 6 | 0  B  0  0  B  B  B  0  
 5 | 0  0  0  0  0  0  0  0  
 4 | 0  0  0  0  0  0  B  B  
 3 | 0  0  0  0  0  0  0  0  
 2 | 0  0  B  0  0  0  0  0  
 1 | 0  0  B  0  0  B  0  0  
   ------------------------
     1  2  3  4  5  6  7  8  
Error: Invalid action!
-----------myBoard---------
8 | 0  B  0  0  0  0  0  0  
 7 | 0  0  0  0  0  0  0  0  
 6 | 0  B  0  0  B  B  B  0  
 5 | 0  0  0  0  0  0  0  0  
 4 | 0  0  0  0  0  0  B  B  
 3 | 0  0  0  0  0  0  0  0  
 2 | 0  0  B  0  0  0  0  0  
 1 | 0  0  B  0  0  B  0  0  
   ------------------------
     1  2  3  4  5  6  7  8  
Error: Invalid action!
-----------myBoard---------
8 | 0  B  0  0  0  0  0  0  
 7 | 0  0  0  0  0  0  0  0  
 6 | 0  B  0  0  B  B  B  0  
 5 | 0  0  0  0  0  0  0  0  
 4 | 0  0  0  0  0  0  B  B  
 3 | 0  0  0  0  0  0  0  0  
 2 | 0  0  B  0  0  0  0  0  
 1 | 0  0  B  0  0  B  0  0  
   ------------------------
     1  2  3  4  5  6  7  8  
Error: Invalid action!
-----------myBoard---------
8 | 0  B  0  0  0  0  0  0  
 7 | 0  0  0  0  0  0  0  0  
 6 | 0  B  0  0  B  B  B  0  
 5 | 0  0  0  0  0  0  0  0  
 4 | 0  0  0  0  0  0  B  B  
 3 | 0  0  0  0  0  0  0  0  
 2 | 0  0  B  0  0  0  0  0  
 1 | 0  0  B  0  0  B  0  0  
   ------------------------
     1  2  3  4  5  6  7  8  
Error: Invalid action!
-----------myBoard---------
8 | 0  B  0  0  0  0  0  0  
 7 | 0  0  0  0  0  0  0  0  
 6 | 0  B  0  0  B  B  B  0  
 5 | 0  0  0  0  0  0  0  0  
 4 | 0  0  0  0  0  0  B  B  
 3 | 0  0  0  0  0  0  0  0  
 2 | 0  0  B  0  0  0  0  0  
 1 | 0  0  B  0  0  B  0  0  
   ------------------------
     1  2  3  4  5  6  7  8  
Error: Invalid action!
-----------myBoard---------
8 | 0  B  0  0  0  0  0  0  
 7 | 0  0  0  0  0  0  0  0  
 6 | 0  B  0  0  B  B  B  0  
 5 | 0  0  0  0  0  0  0  0  
 4 | 0  0  0  0  0  0  B  B  
 3 | 0  0  0  0  0  0  0  0  
 2 | 0  0  B  0  0  0  0  0  
 1 | 0  0  B  0  0  B  0  0  
   ------------------------
     1  2  3  4  5  6  7  8  
Error: Invalid action!
-----------myBoard---------
8 | 0  B  0  0  0  0  0  0  
 7 | 0  0  0  0  0  0  0  0  
 6 | 0  B  0  0  B  B  B  0  
 5 | 0  0  0  0  0  0  0  0  
 4 | 0  0  0  0  0  0  B  B  
 3 | 0  0  0  0  0  0  0  0  
 2 | 0  0  B  0  0  0  0  0  
 1 | 0  0  B  0  0  B  0  0  
   ------------------------
     1  2  3  4  5  6  7  8  
Error: Invalid action!
-----------myBoard---------
8 | 0  B  0  0  0  0  0  0  
 7 | 0  0  0  0  0  0  0  0  
 6 | 0  B  0  0  B  B  B  0  
 5 | 0  0  0  0  0  0  0  0  
 4 | 0  0  0  0  0  0  B  B  
 3 | 0  0  0  0  0  0  0  0  
 2 | 0  0  B  0  0  0  0  0  
 1 | 0  0  B  0  0  B  0  0  
   ------------------------
     1  2  3  4  5  6  7  8  
Error: Invalid action!
-----------myBoard---------
8 | 0  B  0  0  0  0  0  0  
 7 | 0  0  0  0  0  0  0  0  
 6 | 0  B  0  0  B  B  B  0  
 5 | 0  0  0  0  0  0  0  0  
 4 | 0  0  0  0  0  0  B  B  
 3 | 0  0  0  0  0  0  0  0  
 2 | 0  0  B  0  0  0  0  0  
 1 | 0  0  B  0  0  B  0  0  
   ------------------------
     1  2  3  4  5  6  7  8  
Error: Invalid action!
-----------myBoard---------
8 | 0  B  0  0  0  0  0  0  
 7 | 0  0  0  0  0  0  0  0  
 6 | 0  B  0  0  B  B  B  0  
 5 | 0  0  0  0  0  0  0  0  
 4 | 0  0  0  0  0  0  B  B  
 3 | 0  0  0  0  0  0  0  0  
 2 | 0  0  B  0  0  0  0  0  
 1 | 0  0  B  0  0  B  0  0  
   ------------------------
     1  2  3  4  5  6  7  8  
Error: Invalid action!
-----------myBoard---------
8 | 0  B  0  0  0  0  0  0  
 7 | 0  0  0  0  0  0  0  0  
 6 | 0  B  0  0  B  B  B  0  
 5 | 0  0  0  0  0  0  0  0  
 4 | 0  0  0  0  0  0  B  B  
 3 | 0  0  0  0  0  0  0  0  
 2 | 0  0  B  0  0  0  0  0  
 1 | 0  0  B  0  0  B  0  0  
   ------------------------
     1  2  3  4  5  6  7  8  
Error: Invalid action!
-----------myBoard---------
8 | 0  B  0  0  0  0  0  0  
 7 | 0  0  0  0  0  0  0  0  
 6 | 0  B  0  0  B  B  B  0  
 5 | 0  0  0  0  0  0  0  0  
 4 | 0  0  0  0  0  0  B  B  
 3 | 0  0  0  0  0  0  0  0  
 2 | 0  0  B  0  0  0  0  0  
 1 | 0  0  B  0  0  B  0  0  
   ------------------------
     1  2  3  4  5  6  7  8  
Error: Invalid action!
-----------myBoard---------
8 | 0  B  0  0  0  0  0  0  
 7 | 0  0  0  0  0  0  0  0  
 6 | 0  B  0  0  B  B  B  0  
 5 | 0  0  0  0  0  0  0  0  
 4 | 0  0  0  0  0  0  B  B  
 3 | 0  0  0  0  0  0  0  0  
 2 | 0  0  B  0  0  0  0  0  
 1 | 0  0  B  0  0  B  0  0  
   ------------------------
     1  2  3  4  5  6  7  8  
Error: Invalid action!
-----------myBoard---------
8 | 0  B  0  0  0  0  0  0  
 7 | 0  0  0  0  0  0  0  0  
 6 | 0  B  0  0  B  B  B  0  
 5 | 0  0  0  0  0  0  0  0  
 4 | 0  0  0  0  0  0  B  B  
 3 | 0  0  0  0  0  0  0  0  
 2 | 0  0  B  0  0  0  0  0  
 1 | 0  0  B  0  0  B  0  0  
   ------------------------
     1  2  3  4  5  6  7  8  
Error: Invalid action!
-----------myBoard---------
8 | 0  B  0  0  0  0  0  0  
 7 | 0  0  0  0  0  0  0  0  
 6 | 0  B  0  0  B  B  B  0  
 5 | 0  0  0  0  0  0  0  0  
 4 | 0  0  0  0  0  0  B  B  
 3 | 0  0  0  0  0  0  0  0  
 2 | 0  0  B  0  0  0  0  0  
 1 | 0  0  B  0  0  B  0  0  
   ------------------------
     1  2  3  4  5  6  7  8  
Error: Invalid action!
-----------myBoard---------
8 | 0  B  0  0  0  0  0  0  
 7 | 0  0  0  0  0  0  0  0  
 6 | 0  B  0  0  B  B  B  0  
 5 | 0  0  0  0  0  0  0  0  
 4 | 0  0  0  0  0  0  B  B  
 3 | 0  0  0  0  0  0  0  0  
 2 | 0  0  B  0  0  0  0  0  
 1 | 0  0  B  0  0  B  0  0  
   ------------------------
     1  2  3  4  5  6  7  8  
Error: Invalid action!
-----------myBoard---------
8 | 0  B  0  0  0  0  0  0  
 7 | 0  0  0  0  0  0  0  0  
 6 | 0  B  0  0  B  B  B  0  
 5 | 0  0  0  0  0  0  0  0  
 4 | 0  0  0  0  0  0  B  B  
 3 | 0  0  0  0  0  0  0  0  
 2 | 0  0  B  0  0  0  0  0  
 1 | 0  0  B  0  0  B  0  0  
   ------------------------
     1  2  3  4  5  6  7  8  
Error: Invalid action!
-----------myBoard---------
8 | 0  B  0  0  0  0  0  0  
 7 | 0  0  0  0  0  0  0  0  
 6 | 0  B  0  0  B  B  B  0  
 5 | 0  0  0  0  0  0  0  0  
 4 | 0  0  0  0  0  0  B  B  
 3 | 0  0  0  0  0  0  0  0  
 2 | 0  0  B  0  0  0  0  0  
 1 | 0  0  B  0  0  B  0  0  
   ------------------------
     1  2  3  4  5  6  7  8  
Error: Invalid action!
-----------myBoard---------
8 | 0  B  0  0  0  0  0  0  
 7 | 0  0  0  0  0  0  0  0  
 6 | 0  B  0  0  B  B  B  0  
 5 | 0  0  0  0  0  0  0  0  
 4 | 0  0  0  0  0  0  B  B  
 3 | 0  0  0  0  0  0  0  0  
 2 | 0  0  B  0  0  0  0  0  
 1 | 0  0  B  0  0  B  0  0  
   ------------------------
     1  2  3  4  5  6  7  8  
Error: Invalid action!
-----------myBoard---------
8 | 0  B  0  0  0  0  0  0  
 7 | 0  0  0  0  0  0  0  0  
 6 | 0  B  0  0  B  B  B  0  
 5 | 0  0  0  0  0  0  0  0  
 4 | 0  0  0  0  0  0  B  B  
 3 | 0  0  0  0  0  0  0  0  
 2 | 0  0  B  0  0  0  0  0  
 1 | 0  0  B  0  0  B  0  0  
   ------------------------
     1  2  3  4  5  6  7  8  
Error: Invalid action!
-----------myBoard---------
8 | 0  B  0  0  0  0  0  0  
 7 | 0  0  0  0  0  0  0  0  
 6 | 0  B  0  0  B  B  B  0  
 5 | 0  0  0  0  0  0  0  0  
 4 | 0  0  0  0  0  0  B  B  
 3 | 0  0  0  0  0  0  0  0  
 2 | 0  0  B  0  0  0  0  0  
 1 | 0  0  B  0  0  B  0  0  
   ------------------------
     1  2  3  4  5  6  7  8  
Error: Invalid action!
-----------myBoard---------
8 | 0  B  0  0  0  0  0  0  
 7 | 0  0  0  0  0  0  0  0  
 6 | 0  B  0  0  B  B  B  0  
 5 | 0  0  0  0  0  0  0  0  
 4 | 0  0  0  0  0  0  B  B  
 3 | 0  0  0  0  0  0  0  0  
 2 | 0  0  B  0  0  0  0  0  
 1 | 0  0  B  0  0  B  0  0  
   ------------------------
     1  2  3  4  5  6  7  8  
Error: Invalid action!
-----------myBoard---------
8 | 0  B  0  0  0  0  0  0  
 7 | 0  0  0  0  0  0  0  0  
 6 | 0  B  0  0  B  B  B  0  
 5 | 0  0  0  0  0  0  0  0  
 4 | 0  0  0  0  0  0  B  B  
 3 | 0  0  0  0  0  0  0  0  
 2 | 0  0  B  0  0  0  0  0  
 1 | 0  0  B  0  0  B  0  0  
   ------------------------
     1  2  3  4  5  6  7  8  
Error: Invalid action!
-----------myBoard---------
8 | 0  B  0  0  0  0  0  0  
 7 | 0  0  0  0  0  0  0  0  
 6 | 0  B  0  0  B  B  B  0  
 5 | 0  0  0  0  0  0  0  0  
 4 | 0  0  0  0  0  0  B  B  
 3 | 0  0  0  0  0  0  0  0  
 2 | 0  0  B  0  0  0  0  0  
 1 | 0  0  B  0  0  B  0  0  
   ------------------------
     1  2  3  4  5  6  7  8  
Error: Invalid action!
-----------myBoard---------
8 | 0  B  0  0  0  0  0  0  
 7 | 0  0  0  0  0  0  0  0  
 6 | 0  B  0  0  B  B  B  0  
 5 | 0  0  0  0  0  0  0  0  
 4 | 0  0  0  0  0  0  B  B  
 3 | 0  0  0  0  0  0  0  0  
 2 | 0  0  B  0  0  0  0  0  
 1 | 0  0  B  0  0  B  0  0  
   ------------------------
     1  2  3  4  5  6  7  8  
Error: Invalid action!
-----------myBoard---------
8 | 0  B  0  0  0  0  0  0  
 7 | 0  0  0  0  0  0  0  0  
 6 | 0  B  0  0  B  B  B  0  
 5 | 0  0  0  0  0  0  0  0  
 4 | 0  0  0  0  0  0  B  B  
 3 | 0  0  0  0  0  0  0  0  
 2 | 0  0  B  0  0  0  0  0  
 1 | 0  0  B  0  0  B  0  0  
   ------------------------
     1  2  3  4  5  6  7  8  
Error: Invalid action!
-----------myBoard---------
8 | 0  B  0  0  0  0  0  0  
 7 | 0  0  0  0  0  0  0  0  
 6 | 0  B  0  0  B  B  B  0  
 5 | 0  0  0  0  0  0  0  0  
 4 | 0  0  0  0  0  0  B  B  
 3 | 0  0  0  0  0  0  0  0  
 2 | 0  0  B  0  0  0  0  0  
 1 | 0  0  B  0  0  B  0  0  
   ------------------------
     1  2  3  4  5  6  7  8  
Error: Invalid action!
-----------myBoard---------
8 | 0  B  0  0  0  0  0  0  
 7 | 0  0  0  0  0  0  0  0  
 6 | 0  B  0  0  B  B  B  0  
 5 | 0  0  0  0  0  0  0  0  
 4 | 0  0  0  0  0  0  B  B  
 3 | 0  0  0  0  0  0  0  0  
 2 | 0  0  B  0  0  0  0  0  
 1 | 0  0  B  0  0  B  0  0  
   ------------------------
     1  2  3  4  5  6  7  8  
Error: Invalid action!
-----------myBoard---------
8 | 0  B  0  0  0  0  0  0  
 7 | 0  0  0  0  0  0  0  0  
 6 | 0  B  0  0  B  B  B  0  
 5 | 0  0  0  0  0  0  0  0  
 4 | 0  0  0  0  0  0  B  B  
 3 | 0  0  0  0  0  0  0  0  
 2 | 0  0  B  0  0  0  0  0  
 1 | 0  0  B  0  0  B  0  0  
   ------------------------
     1  2  3  4  5  6  7  8  
Error: Invalid action!
-----------myBoard---------
8 | 0  B  0  0  0  0  0  0  
 7 | 0  0  0  0  0  0  0  0  
 6 | 0  B  0  0  B  B  B  0  
 5 | 0  0  0  0  0  0  0  0  
 4 | 0  0  0  0  0  0  B  B  
 3 | 0  0  0  0  0  0  0  0  
 2 | 0  0  B  0  0  0  0  0  
 1 | 0  0  B  0  0  B  0  0  
   ------------------------
     1  2  3  4  5  6  7  8  
Error: Invalid action!
-----------myBoard---------
8 | 0  B  0  0  0  0  0  0  
 7 | 0  0  0  0  0  0  0  0  
 6 | 0  B  0  0  B  B  B  0  
 5 | 0  0  0  0  0  0  0  0  
 4 | 0  0  0  0  0  0  B  B  
 3 | 0  0  0  0  0  0  0  0  
 2 | 0  0  B  0  0  0  0  0  
 1 | 0  0  B  0  0  B  0  0  
   ------------------------
     1  2  3  4  5  6  7  8  
Error: Invalid action!
-----------myBoard---------
8 | 0  B  0  0  0  0  0  0  
 7 | 0  0  0  0  0  0  0  0  
 6 | 0  B  0  0  B  B  B  0  
 5 | 0  0  0  0  0  0  0  0  
 4 | 0  0  0  0  0  0  B  B  
 3 | 0  0  0  0  0  0  0  0  
 2 | 0  0  B  0  0  0  0  0  
 1 | 0  0  B  0  0  B  0  0  
   ------------------------
     1  2  3  4  5  6  7  8  
Error: Invalid action!
-----------myBoard---------
8 | 0  B  0  0  0  0  0  0  
 7 | 0  0  0  0  0  0  0  0  
 6 | 0  B  0  0  B  B  B  0  
 5 | 0  0  0  0  0  0  0  0  
 4 | 0  0  0  0  0  0  B  B  
 3 | 0  0  0  0  0  0  0  0  
 2 | 0  0  B  0  0  0  0  0  
 1 | 0  0  B  0  0  B  0  0  
   ------------------------
     1  2  3  4  5  6  7  8  
Error: Invalid action!
-----------myBoard---------
8 | 0  B  0  0  0  0  0  0  
 7 | 0  0  0  0  0  0  0  0  
 6 | 0  B  0  0  B  B  B  0  
 5 | 0  0  0  0  0  0  0  0  
 4 | 0  0  0  0  0  0  B  B  
 3 | 0  0  0  0  0  0  0  0  
 2 | 0  0  B  0  0  0  0  0  
 1 | 0  0  B  0  0  B  0  0  
   ------------------------
     1  2  3  4  5  6  7  8  
Error: Invalid action!
-----------myBoard---------
8 | 0  B  0  0  0  0  0  0  
 7 | 0  0  0  0  0  0  0  0  
 6 | 0  B  0  0  B  B  B  0  
 5 | 0  0  0  0  0  0  0  0  
 4 | 0  0  0  0  0  0  B  B  
 3 | 0  0  0  0  0  0  0  0  
 2 | 0  0  B  0  0  0  0  0  
 1 | 0  0  B  0  0  B  0  0  
   ------------------------
     1  2  3  4  5  6  7  8  
Error: Invalid action!
